Report saved to report_Benowa_ELC_2026-05-09.md
Successfully beautified report_Benowa_ELC_2026-05-09.docx
Digest Fetch Failed: 403
{"error":{"code":"-2147024891, System.UnauthorizedAccessException","message":{"lang":"en-US","value":"Attempted to perform an unauthorized operation."}}}
Failed to get X-RequestDigest. Cookies might be expired or incomplete.
Success: Consolidated report with all sections generated.
Digest Fetch Failed: 403
{"error":{"code":"-2147024891, System.UnauthorizedAccessException","message":{"lang":"en-US","value":"Attempted to perform an unauthorized operation."}}}
Failed to get X-RequestDigest. Cookies might be expired or incomplete.
Success: Consolidated report with all sections generated.
Digest Fetch Failed: 403
{"error":{"code":"-2147024891, System.UnauthorizedAccessException","message":{"lang":"en-US","value":"Attempted to perform an unauthorized operation."}}}
Failed to get X-RequestDigest. Cookies might be expired or incomplete.
Success: Consolidated report with all sections generated.
Digest Fetch Failed: 403
{"error":{"code":"-2147024891, System.UnauthorizedAccessException","message":{"lang":"en-US","value":"Attempted to perform an unauthorized operation."}}}
Failed to get X-RequestDigest. Cookies might be expired or incomplete.
Success: Consolidated report with all sections generated.
Digest Fetch Failed: 403
{"error":{"code":"-2147024891, System.UnauthorizedAccessException","message":{"lang":"en-US","value":"Attempted to perform an unauthorized operation."}}}
Failed to get X-RequestDigest. Cookies might be expired or incomplete.
Success: Consolidated report with all sections generated.
Digest Fetch Failed: 403
{"error":{"code":"-2147024891, System.UnauthorizedAccessException","message":{"lang":"en-US","value":"Attempted to perform an unauthorized operation."}}}
Failed to get X-RequestDigest. Cookies might be expired or incomplete.
Success: Consolidated report with all sections generated.
Digest Fetch Failed: 403
{"error":{"code":"-2147024891, System.UnauthorizedAccessException","message":{"lang":"en-US","value":"Attempted to perform an unauthorized operation."}}}
Failed to get X-RequestDigest. Cookies might be expired or incomplete.
Success: Consolidated report with all sections generated.
Digest Fetch Failed: 403
{"error":{"code":"-2147024891, System.UnauthorizedAccessException","message":{"lang":"en-US","value":"Attempted to perform an unauthorized operation."}}}
Failed to get X-RequestDigest. Cookies might be expired or incomplete.
uthorized operation."}}}
Failed to get X-RequestDigest. Cookies might be expired or incomplete.
Success: Consolidated report with all sections generated.
Digest Fetch Failed: 403
{"error":{"code":"-2147024891, System.UnauthorizedAccessException","message":{"lang":"en-US","value":"Attempted to perform an unauthorized operation."}}}
Failed to get X-RequestDigest. Cookies might be expired or incomplete.
Success: Consolidated report with all sections generated.
Digest Fetch Failed: 403
{"error":{"code":"-2147024891, System.UnauthorizedAccessException","message":{"lang":"en-US","value":"Attempted to perform an unauthorized operation."}}}
Failed to get X-RequestDigest. Cookies might be expired or incomplete.
Success: Consolidated report with all sections generated.
Digest Fetch Failed: 403
{"error":{"code":"-2147024891, System.UnauthorizedAccessException","message":{"lang":"en-US","value":"Attempted to perform an unauthorized operation."}}}
Failed to get X-RequestDigest. Cookies might be expired or incomplete.
Success: Consolidated report with all sections generated.
Digest Fetch Failed: 403
{"error":{"code":"-2147024891, System.UnauthorizedAccessException","message":{"lang":"en-US","value":"Attempted to perform an unauthorized operation."}}}
Failed to get X-RequestDigest. Cookies might be expired or incomplete.
